10:43:33.395 [restartedMain] INFO  com.jd.Application - [logStarting,50] - Starting Application on LAPTOP-A7Q7JCJK with PID 18516 (D:\webspace\nari\target\classes started by 83875 in D:\webspace\nari)
10:43:33.402 [restartedMain] INFO  com.jd.Application - [logStartupProfileInfo,663] - The following profiles are active: druid
10:43:37.535 [restartedMain] INFO  o.a.s.c.e.EhCacheManager - [getCache,158] - Cache with name 'com.jd.framework.shiro.realm.UserRealm.authorizationCache' does not yet exist.  Creating now.
10:43:37.537 [restartedMain] INFO  o.a.s.c.e.EhCacheManager - [getCache,165] - Added EhCache named [com.jd.framework.shiro.realm.UserRealm.authorizationCache]
10:44:38.888 [restartedMain] INFO  com.jd.Application - [logStarting,50] - Starting Application on LAPTOP-A7Q7JCJK with PID 11664 (D:\webspace\nari\target\classes started by 83875 in D:\webspace\nari)
10:44:38.894 [restartedMain] INFO  com.jd.Application - [logStartupProfileInfo,663] - The following profiles are active: druid
10:44:41.681 [restartedMain] INFO  o.a.s.c.e.EhCacheManager - [getCache,158] - Cache with name 'com.jd.framework.shiro.realm.UserRealm.authorizationCache' does not yet exist.  Creating now.
10:44:41.682 [restartedMain] INFO  o.a.s.c.e.EhCacheManager - [getCache,165] - Added EhCache named [com.jd.framework.shiro.realm.UserRealm.authorizationCache]
10:44:42.830 [restartedMain] INFO  o.a.s.c.e.EhCacheManager - [getCache,169] - Using existing EHCache named [loginRecordCache]
10:44:42.882 [restartedMain] INFO  o.a.s.c.e.EhCacheManager - [getCache,158] - Cache with name 'com.jd.framework.shiro.realm.AppRealm.authorizationCache.1' does not yet exist.  Creating now.
10:44:42.883 [restartedMain] INFO  o.a.s.c.e.EhCacheManager - [getCache,165] - Added EhCache named [com.jd.framework.shiro.realm.AppRealm.authorizationCache.1]
10:44:43.628 [restartedMain] INFO  o.a.c.h.Http11NioProtocol - [log,180] - Initializing ProtocolHandler ["http-nio-8000"]
10:44:43.645 [restartedMain] INFO  o.a.c.c.StandardService - [log,180] - Starting service [Tomcat]
10:44:43.646 [restartedMain] INFO  o.a.c.c.StandardEngine - [log,180] - Starting Servlet Engine: Apache Tomcat/8.5.31
10:44:43.658 [localhost-startStop-1] INFO  o.a.c.c.AprLifecycleListener - [log,180] - Loaded APR based Apache Tomcat Native library [1.2.18] using APR version [1.6.5].
10:44:43.658 [localhost-startStop-1] INFO  o.a.c.c.AprLifecycleListener - [log,180] - APR capabilities: IPv6 [true], sendfile [true], accept filters [false], random [true].
10:44:43.658 [localhost-startStop-1] INFO  o.a.c.c.AprLifecycleListener - [log,180] - APR/OpenSSL configuration: useAprConnector [false], useOpenSSL [true]
10:44:43.710 [localhost-startStop-1] INFO  o.a.c.c.AprLifecycleListener - [log,180] - OpenSSL successfully initialized [OpenSSL 1.1.1  11 Sep 2018]
10:44:43.960 [localhost-startStop-1] INFO  o.a.c.c.C.[.[.[/] - [log,180] - Initializing Spring embedded WebApplicationContext
10:44:45.307 [restartedMain] INFO  c.a.d.p.DruidDataSource - [init,930] - {dataSource-1} inited
10:44:45.852 [restartedMain] INFO  o.a.e.i.ProcessEngineImpl - [<init>,85] - ProcessEngine default created
10:44:49.022 [restartedMain] INFO  o.a.c.h.Http11NioProtocol - [log,180] - Starting ProtocolHandler ["http-nio-8000"]
10:44:49.051 [restartedMain] INFO  o.a.t.u.n.NioSelectorPool - [log,180] - Using a shared selector for servlet write/read
10:44:49.079 [restartedMain] INFO  com.jd.Application - [logStarted,59] - Started Application in 10.628 seconds (JVM running for 11.453)
10:46:08.714 [http-nio-8000-exec-1] INFO  o.a.c.c.C.[.[.[/] - [log,180] - Initializing Spring FrameworkServlet 'dispatcherServlet'
10:46:08.772 [http-nio-8000-exec-1] INFO  o.a.s.s.m.AbstractValidatingSessionManager - [enableSessionValidation,233] - Enabling session validation scheduler...
10:48:11.031 [http-nio-8000-exec-4] INFO  c.j.f.s.a.UserModularRealmAuthenticator - [doAuthenticate,25] - UserModularRealmAuthenticator:method doAuthenticate() execute 
10:48:11.034 [http-nio-8000-exec-4] INFO  c.j.f.s.a.UserModularRealmAuthenticator - [doAuthenticate,44] - doSingleRealmAuthentication() execute 
10:50:17.594 [http-nio-8000-exec-9] INFO  c.j.f.s.a.UserModularRealmAuthenticator - [doAuthenticate,25] - UserModularRealmAuthenticator:method doAuthenticate() execute 
10:50:17.691 [http-nio-8000-exec-9] INFO  c.j.f.s.a.UserModularRealmAuthenticator - [doAuthenticate,44] - doSingleRealmAuthentication() execute 
10:50:44.048 [http-nio-8000-exec-8] INFO  c.j.f.s.a.UserModularRealmAuthenticator - [doAuthenticate,25] - UserModularRealmAuthenticator:method doAuthenticate() execute 
10:50:44.049 [http-nio-8000-exec-8] INFO  c.j.f.s.a.UserModularRealmAuthenticator - [doAuthenticate,44] - doSingleRealmAuthentication() execute 
10:52:06.152 [http-nio-8000-exec-12] INFO  c.j.f.s.a.UserModularRealmAuthenticator - [doAuthenticate,25] - UserModularRealmAuthenticator:method doAuthenticate() execute 
10:52:06.153 [http-nio-8000-exec-12] INFO  c.j.f.s.a.UserModularRealmAuthenticator - [doAuthenticate,44] - doSingleRealmAuthentication() execute 
11:06:29.836 [restartedMain] INFO  com.jd.Application - [logStarting,50] - Starting Application on LAPTOP-A7Q7JCJK with PID 9984 (D:\webspace\nari\target\classes started by 83875 in D:\webspace\nari)
11:06:29.843 [restartedMain] INFO  com.jd.Application - [logStartupProfileInfo,663] - The following profiles are active: druid
11:06:32.655 [restartedMain] INFO  o.a.s.c.e.EhCacheManager - [getCache,158] - Cache with name 'com.jd.framework.shiro.realm.UserRealm.authorizationCache' does not yet exist.  Creating now.
11:06:32.656 [restartedMain] INFO  o.a.s.c.e.EhCacheManager - [getCache,165] - Added EhCache named [com.jd.framework.shiro.realm.UserRealm.authorizationCache]
11:06:33.731 [restartedMain] INFO  o.a.s.c.e.EhCacheManager - [getCache,169] - Using existing EHCache named [loginRecordCache]
11:06:33.773 [restartedMain] INFO  o.a.s.c.e.EhCacheManager - [getCache,158] - Cache with name 'com.jd.framework.shiro.realm.AppRealm.authorizationCache.1' does not yet exist.  Creating now.
11:06:33.774 [restartedMain] INFO  o.a.s.c.e.EhCacheManager - [getCache,165] - Added EhCache named [com.jd.framework.shiro.realm.AppRealm.authorizationCache.1]
11:06:34.498 [restartedMain] INFO  o.a.c.h.Http11NioProtocol - [log,180] - Initializing ProtocolHandler ["http-nio-8000"]
11:06:34.516 [restartedMain] INFO  o.a.c.c.StandardService - [log,180] - Starting service [Tomcat]
11:06:34.516 [restartedMain] INFO  o.a.c.c.StandardEngine - [log,180] - Starting Servlet Engine: Apache Tomcat/8.5.31
11:06:34.530 [localhost-startStop-1] INFO  o.a.c.c.AprLifecycleListener - [log,180] - Loaded APR based Apache Tomcat Native library [1.2.18] using APR version [1.6.5].
11:06:34.531 [localhost-startStop-1] INFO  o.a.c.c.AprLifecycleListener - [log,180] - APR capabilities: IPv6 [true], sendfile [true], accept filters [false], random [true].
11:06:34.531 [localhost-startStop-1] INFO  o.a.c.c.AprLifecycleListener - [log,180] - APR/OpenSSL configuration: useAprConnector [false], useOpenSSL [true]
11:06:34.566 [localhost-startStop-1] INFO  o.a.c.c.AprLifecycleListener - [log,180] - OpenSSL successfully initialized [OpenSSL 1.1.1  11 Sep 2018]
11:06:34.753 [localhost-startStop-1] INFO  o.a.c.c.C.[.[.[/] - [log,180] - Initializing Spring embedded WebApplicationContext
11:06:36.133 [restartedMain] INFO  c.a.d.p.DruidDataSource - [init,930] - {dataSource-1} inited
11:06:36.518 [restartedMain] INFO  o.a.e.i.ProcessEngineImpl - [<init>,85] - ProcessEngine default created
11:06:39.467 [restartedMain] INFO  o.a.c.h.Http11NioProtocol - [log,180] - Starting ProtocolHandler ["http-nio-8000"]
11:06:39.497 [restartedMain] INFO  o.a.t.u.n.NioSelectorPool - [log,180] - Using a shared selector for servlet write/read
11:06:39.537 [restartedMain] INFO  com.jd.Application - [logStarted,59] - Started Application in 10.188 seconds (JVM running for 11.024)
11:06:50.949 [http-nio-8000-exec-2] INFO  o.a.c.c.C.[.[.[/] - [log,180] - Initializing Spring FrameworkServlet 'dispatcherServlet'
11:06:51.015 [http-nio-8000-exec-2] INFO  o.a.s.s.m.AbstractValidatingSessionManager - [enableSessionValidation,233] - Enabling session validation scheduler...
11:07:33.148 [restartedMain] INFO  com.jd.Application - [logStarting,50] - Starting Application on LAPTOP-A7Q7JCJK with PID 5880 (D:\webspace\nari\target\classes started by 83875 in D:\webspace\nari)
11:07:33.189 [restartedMain] INFO  com.jd.Application - [logStartupProfileInfo,663] - The following profiles are active: druid
11:07:35.819 [restartedMain] INFO  o.a.s.c.e.EhCacheManager - [getCache,158] - Cache with name 'com.jd.framework.shiro.realm.UserRealm.authorizationCache' does not yet exist.  Creating now.
11:07:35.820 [restartedMain] INFO  o.a.s.c.e.EhCacheManager - [getCache,165] - Added EhCache named [com.jd.framework.shiro.realm.UserRealm.authorizationCache]
11:07:36.862 [restartedMain] INFO  o.a.s.c.e.EhCacheManager - [getCache,169] - Using existing EHCache named [loginRecordCache]
11:07:36.907 [restartedMain] INFO  o.a.s.c.e.EhCacheManager - [getCache,158] - Cache with name 'com.jd.framework.shiro.realm.AppRealm.authorizationCache.1' does not yet exist.  Creating now.
11:07:36.908 [restartedMain] INFO  o.a.s.c.e.EhCacheManager - [getCache,165] - Added EhCache named [com.jd.framework.shiro.realm.AppRealm.authorizationCache.1]
11:07:37.574 [restartedMain] INFO  o.a.c.h.Http11NioProtocol - [log,180] - Initializing ProtocolHandler ["http-nio-8000"]
11:07:37.589 [restartedMain] INFO  o.a.c.c.StandardService - [log,180] - Starting service [Tomcat]
11:07:37.590 [restartedMain] INFO  o.a.c.c.StandardEngine - [log,180] - Starting Servlet Engine: Apache Tomcat/8.5.31
11:07:37.600 [localhost-startStop-1] INFO  o.a.c.c.AprLifecycleListener - [log,180] - Loaded APR based Apache Tomcat Native library [1.2.18] using APR version [1.6.5].
11:07:37.601 [localhost-startStop-1] INFO  o.a.c.c.AprLifecycleListener - [log,180] - APR capabilities: IPv6 [true], sendfile [true], accept filters [false], random [true].
11:07:37.601 [localhost-startStop-1] INFO  o.a.c.c.AprLifecycleListener - [log,180] - APR/OpenSSL configuration: useAprConnector [false], useOpenSSL [true]
11:07:37.669 [localhost-startStop-1] INFO  o.a.c.c.AprLifecycleListener - [log,180] - OpenSSL successfully initialized [OpenSSL 1.1.1  11 Sep 2018]
11:07:37.845 [localhost-startStop-1] INFO  o.a.c.c.C.[.[.[/] - [log,180] - Initializing Spring embedded WebApplicationContext
11:07:39.011 [restartedMain] INFO  c.a.d.p.DruidDataSource - [init,930] - {dataSource-1} inited
11:07:39.383 [restartedMain] INFO  o.a.e.i.ProcessEngineImpl - [<init>,85] - ProcessEngine default created
11:07:41.801 [restartedMain] INFO  o.a.c.h.Http11NioProtocol - [log,180] - Starting ProtocolHandler ["http-nio-8000"]
11:07:41.820 [restartedMain] INFO  o.a.t.u.n.NioSelectorPool - [log,180] - Using a shared selector for servlet write/read
11:07:41.849 [restartedMain] INFO  com.jd.Application - [logStarted,59] - Started Application in 9.146 seconds (JVM running for 9.985)
11:07:46.379 [http-nio-8000-exec-1] INFO  o.a.c.c.C.[.[.[/] - [log,180] - Initializing Spring FrameworkServlet 'dispatcherServlet'
11:07:46.426 [http-nio-8000-exec-1] INFO  o.a.s.s.m.AbstractValidatingSessionManager - [enableSessionValidation,233] - Enabling session validation scheduler...
11:08:07.991 [pool-2-thread-1] INFO  c.j.f.m.f.AsyncFactory - [run,30] - write operLog info to db
11:09:38.943 [restartedMain] INFO  com.jd.Application - [logStarting,50] - Starting Application on LAPTOP-A7Q7JCJK with PID 19056 (D:\webspace\nari\target\classes started by 83875 in D:\webspace\nari)
11:09:38.950 [restartedMain] INFO  com.jd.Application - [logStartupProfileInfo,663] - The following profiles are active: druid
11:09:41.856 [restartedMain] INFO  o.a.s.c.e.EhCacheManager - [getCache,158] - Cache with name 'com.jd.framework.shiro.realm.UserRealm.authorizationCache' does not yet exist.  Creating now.
11:09:41.857 [restartedMain] INFO  o.a.s.c.e.EhCacheManager - [getCache,165] - Added EhCache named [com.jd.framework.shiro.realm.UserRealm.authorizationCache]
11:09:42.949 [restartedMain] INFO  o.a.s.c.e.EhCacheManager - [getCache,169] - Using existing EHCache named [loginRecordCache]
11:09:42.984 [restartedMain] INFO  o.a.s.c.e.EhCacheManager - [getCache,158] - Cache with name 'com.jd.framework.shiro.realm.AppRealm.authorizationCache.1' does not yet exist.  Creating now.
11:09:42.984 [restartedMain] INFO  o.a.s.c.e.EhCacheManager - [getCache,165] - Added EhCache named [com.jd.framework.shiro.realm.AppRealm.authorizationCache.1]
11:09:43.814 [restartedMain] INFO  o.a.c.h.Http11NioProtocol - [log,180] - Initializing ProtocolHandler ["http-nio-8000"]
11:09:43.832 [restartedMain] INFO  o.a.c.c.StandardService - [log,180] - Starting service [Tomcat]
11:09:43.833 [restartedMain] INFO  o.a.c.c.StandardEngine - [log,180] - Starting Servlet Engine: Apache Tomcat/8.5.31
11:09:43.845 [localhost-startStop-1] INFO  o.a.c.c.AprLifecycleListener - [log,180] - Loaded APR based Apache Tomcat Native library [1.2.18] using APR version [1.6.5].
11:09:43.846 [localhost-startStop-1] INFO  o.a.c.c.AprLifecycleListener - [log,180] - APR capabilities: IPv6 [true], sendfile [true], accept filters [false], random [true].
11:09:43.846 [localhost-startStop-1] INFO  o.a.c.c.AprLifecycleListener - [log,180] - APR/OpenSSL configuration: useAprConnector [false], useOpenSSL [true]
11:09:43.911 [localhost-startStop-1] INFO  o.a.c.c.AprLifecycleListener - [log,180] - OpenSSL successfully initialized [OpenSSL 1.1.1  11 Sep 2018]
11:09:44.089 [localhost-startStop-1] INFO  o.a.c.c.C.[.[.[/] - [log,180] - Initializing Spring embedded WebApplicationContext
11:09:45.490 [restartedMain] INFO  c.a.d.p.DruidDataSource - [init,930] - {dataSource-1} inited
11:11:08.329 [restartedMain] INFO  o.a.e.i.ProcessEngineImpl - [<init>,85] - ProcessEngine default created
11:11:13.284 [restartedMain] INFO  o.a.c.h.Http11NioProtocol - [log,180] - Starting ProtocolHandler ["http-nio-8000"]
11:11:13.314 [restartedMain] INFO  o.a.t.u.n.NioSelectorPool - [log,180] - Using a shared selector for servlet write/read
11:11:13.340 [restartedMain] INFO  com.jd.Application - [logStarted,59] - Started Application in 94.885 seconds (JVM running for 95.773)
11:17:25.766 [restartedMain] INFO  com.jd.Application - [logStarting,50] - Starting Application on LAPTOP-A7Q7JCJK with PID 16632 (D:\webspace\nari\target\classes started by 83875 in D:\webspace\nari)
11:17:25.771 [restartedMain] INFO  com.jd.Application - [logStartupProfileInfo,663] - The following profiles are active: druid
11:17:29.041 [restartedMain] INFO  o.a.s.c.e.EhCacheManager - [getCache,158] - Cache with name 'com.jd.framework.shiro.realm.UserRealm.authorizationCache' does not yet exist.  Creating now.
11:17:29.043 [restartedMain] INFO  o.a.s.c.e.EhCacheManager - [getCache,165] - Added EhCache named [com.jd.framework.shiro.realm.UserRealm.authorizationCache]
11:17:30.187 [restartedMain] INFO  o.a.s.c.e.EhCacheManager - [getCache,169] - Using existing EHCache named [loginRecordCache]
11:17:30.249 [restartedMain] INFO  o.a.s.c.e.EhCacheManager - [getCache,158] - Cache with name 'com.jd.framework.shiro.realm.AppRealm.authorizationCache.1' does not yet exist.  Creating now.
11:17:30.250 [restartedMain] INFO  o.a.s.c.e.EhCacheManager - [getCache,165] - Added EhCache named [com.jd.framework.shiro.realm.AppRealm.authorizationCache.1]
11:17:31.103 [restartedMain] INFO  o.a.c.h.Http11NioProtocol - [log,180] - Initializing ProtocolHandler ["http-nio-8000"]
11:17:31.117 [restartedMain] INFO  o.a.c.c.StandardService - [log,180] - Starting service [Tomcat]
11:17:31.117 [restartedMain] INFO  o.a.c.c.StandardEngine - [log,180] - Starting Servlet Engine: Apache Tomcat/8.5.31
11:17:31.127 [localhost-startStop-1] INFO  o.a.c.c.AprLifecycleListener - [log,180] - Loaded APR based Apache Tomcat Native library [1.2.18] using APR version [1.6.5].
11:17:31.128 [localhost-startStop-1] INFO  o.a.c.c.AprLifecycleListener - [log,180] - APR capabilities: IPv6 [true], sendfile [true], accept filters [false], random [true].
11:17:31.128 [localhost-startStop-1] INFO  o.a.c.c.AprLifecycleListener - [log,180] - APR/OpenSSL configuration: useAprConnector [false], useOpenSSL [true]
11:17:31.161 [localhost-startStop-1] INFO  o.a.c.c.AprLifecycleListener - [log,180] - OpenSSL successfully initialized [OpenSSL 1.1.1  11 Sep 2018]
11:17:31.353 [localhost-startStop-1] INFO  o.a.c.c.C.[.[.[/] - [log,180] - Initializing Spring embedded WebApplicationContext
11:17:32.826 [restartedMain] INFO  c.a.d.p.DruidDataSource - [init,930] - {dataSource-1} inited
11:17:33.322 [restartedMain] INFO  o.a.e.i.ProcessEngineImpl - [<init>,85] - ProcessEngine default created
11:17:36.204 [restartedMain] INFO  o.a.c.h.Http11NioProtocol - [log,180] - Starting ProtocolHandler ["http-nio-8000"]
11:17:36.233 [restartedMain] INFO  o.a.t.u.n.NioSelectorPool - [log,180] - Using a shared selector for servlet write/read
11:17:36.267 [restartedMain] INFO  com.jd.Application - [logStarted,59] - Started Application in 11.061 seconds (JVM running for 11.959)
11:17:45.679 [http-nio-8000-exec-1] INFO  o.a.c.c.C.[.[.[/] - [log,180] - Initializing Spring FrameworkServlet 'dispatcherServlet'
11:17:45.747 [http-nio-8000-exec-1] INFO  o.a.s.s.m.AbstractValidatingSessionManager - [enableSessionValidation,233] - Enabling session validation scheduler...
11:18:27.204 [restartedMain] INFO  com.jd.Application - [logStarting,50] - Starting Application on LAPTOP-A7Q7JCJK with PID 14696 (D:\webspace\nari\target\classes started by 83875 in D:\webspace\nari)
11:18:27.209 [restartedMain] INFO  com.jd.Application - [logStartupProfileInfo,663] - The following profiles are active: druid
11:18:30.192 [restartedMain] INFO  o.a.s.c.e.EhCacheManager - [getCache,158] - Cache with name 'com.jd.framework.shiro.realm.UserRealm.authorizationCache' does not yet exist.  Creating now.
11:18:30.193 [restartedMain] INFO  o.a.s.c.e.EhCacheManager - [getCache,165] - Added EhCache named [com.jd.framework.shiro.realm.UserRealm.authorizationCache]
11:18:31.437 [restartedMain] INFO  o.a.s.c.e.EhCacheManager - [getCache,169] - Using existing EHCache named [loginRecordCache]
11:18:31.486 [restartedMain] INFO  o.a.s.c.e.EhCacheManager - [getCache,158] - Cache with name 'com.jd.framework.shiro.realm.AppRealm.authorizationCache.1' does not yet exist.  Creating now.
11:18:31.487 [restartedMain] INFO  o.a.s.c.e.EhCacheManager - [getCache,165] - Added EhCache named [com.jd.framework.shiro.realm.AppRealm.authorizationCache.1]
11:18:32.227 [restartedMain] INFO  o.a.c.h.Http11NioProtocol - [log,180] - Initializing ProtocolHandler ["http-nio-8000"]
11:18:32.247 [restartedMain] INFO  o.a.c.c.StandardService - [log,180] - Starting service [Tomcat]
11:18:32.248 [restartedMain] INFO  o.a.c.c.StandardEngine - [log,180] - Starting Servlet Engine: Apache Tomcat/8.5.31
11:18:32.259 [localhost-startStop-1] INFO  o.a.c.c.AprLifecycleListener - [log,180] - Loaded APR based Apache Tomcat Native library [1.2.18] using APR version [1.6.5].
11:18:32.259 [localhost-startStop-1] INFO  o.a.c.c.AprLifecycleListener - [log,180] - APR capabilities: IPv6 [true], sendfile [true], accept filters [false], random [true].
11:18:32.259 [localhost-startStop-1] INFO  o.a.c.c.AprLifecycleListener - [log,180] - APR/OpenSSL configuration: useAprConnector [false], useOpenSSL [true]
11:18:32.265 [localhost-startStop-1] INFO  o.a.c.c.AprLifecycleListener - [log,180] - OpenSSL successfully initialized [OpenSSL 1.1.1  11 Sep 2018]
11:18:32.453 [localhost-startStop-1] INFO  o.a.c.c.C.[.[.[/] - [log,180] - Initializing Spring embedded WebApplicationContext
11:18:33.866 [restartedMain] INFO  c.a.d.p.DruidDataSource - [init,930] - {dataSource-1} inited
11:18:34.252 [restartedMain] INFO  o.a.e.i.ProcessEngineImpl - [<init>,85] - ProcessEngine default created
11:18:36.732 [restartedMain] INFO  o.a.c.h.Http11NioProtocol - [log,180] - Starting ProtocolHandler ["http-nio-8000"]
11:18:36.780 [restartedMain] INFO  o.a.t.u.n.NioSelectorPool - [log,180] - Using a shared selector for servlet write/read
11:18:36.812 [restartedMain] INFO  com.jd.Application - [logStarted,59] - Started Application in 10.098 seconds (JVM running for 11.052)
11:18:43.731 [http-nio-8000-exec-1] INFO  o.a.c.c.C.[.[.[/] - [log,180] - Initializing Spring FrameworkServlet 'dispatcherServlet'
11:18:43.811 [http-nio-8000-exec-1] INFO  o.a.s.s.m.AbstractValidatingSessionManager - [enableSessionValidation,233] - Enabling session validation scheduler...
11:34:33.650 [restartedMain] INFO  com.jd.Application - [logStarting,50] - Starting Application on LAPTOP-A7Q7JCJK with PID 1756 (D:\webspace\nari\target\classes started by 83875 in D:\webspace\nari)
11:34:33.658 [restartedMain] INFO  com.jd.Application - [logStartupProfileInfo,663] - The following profiles are active: druid
11:34:36.410 [restartedMain] INFO  o.a.s.c.e.EhCacheManager - [getCache,158] - Cache with name 'com.jd.framework.shiro.realm.UserRealm.authorizationCache' does not yet exist.  Creating now.
11:34:36.411 [restartedMain] INFO  o.a.s.c.e.EhCacheManager - [getCache,165] - Added EhCache named [com.jd.framework.shiro.realm.UserRealm.authorizationCache]
11:34:37.600 [restartedMain] INFO  o.a.s.c.e.EhCacheManager - [getCache,169] - Using existing EHCache named [loginRecordCache]
11:34:37.645 [restartedMain] INFO  o.a.s.c.e.EhCacheManager - [getCache,158] - Cache with name 'com.jd.framework.shiro.realm.AppRealm.authorizationCache.1' does not yet exist.  Creating now.
11:34:37.646 [restartedMain] INFO  o.a.s.c.e.EhCacheManager - [getCache,165] - Added EhCache named [com.jd.framework.shiro.realm.AppRealm.authorizationCache.1]
11:34:38.305 [restartedMain] INFO  o.a.c.h.Http11NioProtocol - [log,180] - Initializing ProtocolHandler ["http-nio-8000"]
11:34:38.324 [restartedMain] INFO  o.a.c.c.StandardService - [log,180] - Starting service [Tomcat]
11:34:38.324 [restartedMain] INFO  o.a.c.c.StandardEngine - [log,180] - Starting Servlet Engine: Apache Tomcat/8.5.31
11:34:38.337 [localhost-startStop-1] INFO  o.a.c.c.AprLifecycleListener - [log,180] - Loaded APR based Apache Tomcat Native library [1.2.18] using APR version [1.6.5].
11:34:38.337 [localhost-startStop-1] INFO  o.a.c.c.AprLifecycleListener - [log,180] - APR capabilities: IPv6 [true], sendfile [true], accept filters [false], random [true].
11:34:38.337 [localhost-startStop-1] INFO  o.a.c.c.AprLifecycleListener - [log,180] - APR/OpenSSL configuration: useAprConnector [false], useOpenSSL [true]
11:34:38.371 [localhost-startStop-1] INFO  o.a.c.c.AprLifecycleListener - [log,180] - OpenSSL successfully initialized [OpenSSL 1.1.1  11 Sep 2018]
11:34:38.562 [localhost-startStop-1] INFO  o.a.c.c.C.[.[.[/] - [log,180] - Initializing Spring embedded WebApplicationContext
11:34:39.921 [restartedMain] INFO  c.a.d.p.DruidDataSource - [init,930] - {dataSource-1} inited
11:34:40.387 [restartedMain] INFO  o.a.e.i.ProcessEngineImpl - [<init>,85] - ProcessEngine default created
11:34:42.755 [restartedMain] INFO  o.a.c.h.Http11NioProtocol - [log,180] - Starting ProtocolHandler ["http-nio-8000"]
11:34:42.975 [restartedMain] INFO  o.a.t.u.n.NioSelectorPool - [log,180] - Using a shared selector for servlet write/read
11:34:43.003 [restartedMain] INFO  com.jd.Application - [logStarted,59] - Started Application in 9.796 seconds (JVM running for 10.673)
11:35:09.953 [http-nio-8000-exec-1] INFO  o.a.c.c.C.[.[.[/] - [log,180] - Initializing Spring FrameworkServlet 'dispatcherServlet'
11:35:10.017 [http-nio-8000-exec-1] INFO  o.a.s.s.m.AbstractValidatingSessionManager - [enableSessionValidation,233] - Enabling session validation scheduler...
11:35:27.665 [http-nio-8000-exec-1] INFO  o.a.h.i.e.RetryExec - [execute,97] - I/O exception (java.net.SocketException) caught when processing request to {}->http://192.168.1.106:8080: Software caused connection abort: connect
11:35:27.665 [http-nio-8000-exec-1] INFO  o.a.h.i.e.RetryExec - [execute,113] - Retrying request to {}->http://192.168.1.106:8080
11:39:33.377 [restartedMain] INFO  com.jd.Application - [logStarting,50] - Starting Application on LAPTOP-A7Q7JCJK with PID 4076 (D:\webspace\nari\target\classes started by 83875 in D:\webspace\nari)
11:39:33.383 [restartedMain] INFO  com.jd.Application - [logStartupProfileInfo,663] - The following profiles are active: druid
11:39:36.317 [restartedMain] INFO  o.a.s.c.e.EhCacheManager - [getCache,158] - Cache with name 'com.jd.framework.shiro.realm.UserRealm.authorizationCache' does not yet exist.  Creating now.
11:39:36.400 [restartedMain] INFO  o.a.s.c.e.EhCacheManager - [getCache,165] - Added EhCache named [com.jd.framework.shiro.realm.UserRealm.authorizationCache]
11:39:37.619 [restartedMain] INFO  o.a.s.c.e.EhCacheManager - [getCache,169] - Using existing EHCache named [loginRecordCache]
11:39:37.679 [restartedMain] INFO  o.a.s.c.e.EhCacheManager - [getCache,158] - Cache with name 'com.jd.framework.shiro.realm.AppRealm.authorizationCache.1' does not yet exist.  Creating now.
11:39:37.680 [restartedMain] INFO  o.a.s.c.e.EhCacheManager - [getCache,165] - Added EhCache named [com.jd.framework.shiro.realm.AppRealm.authorizationCache.1]
11:39:38.511 [restartedMain] INFO  o.a.c.h.Http11NioProtocol - [log,180] - Initializing ProtocolHandler ["http-nio-8000"]
11:39:38.530 [restartedMain] INFO  o.a.c.c.StandardService - [log,180] - Starting service [Tomcat]
11:39:38.530 [restartedMain] INFO  o.a.c.c.StandardEngine - [log,180] - Starting Servlet Engine: Apache Tomcat/8.5.31
11:39:38.542 [localhost-startStop-1] INFO  o.a.c.c.AprLifecycleListener - [log,180] - Loaded APR based Apache Tomcat Native library [1.2.18] using APR version [1.6.5].
11:39:38.542 [localhost-startStop-1] INFO  o.a.c.c.AprLifecycleListener - [log,180] - APR capabilities: IPv6 [true], sendfile [true], accept filters [false], random [true].
11:39:38.543 [localhost-startStop-1] INFO  o.a.c.c.AprLifecycleListener - [log,180] - APR/OpenSSL configuration: useAprConnector [false], useOpenSSL [true]
11:39:38.550 [localhost-startStop-1] INFO  o.a.c.c.AprLifecycleListener - [log,180] - OpenSSL successfully initialized [OpenSSL 1.1.1  11 Sep 2018]
11:39:38.736 [localhost-startStop-1] INFO  o.a.c.c.C.[.[.[/] - [log,180] - Initializing Spring embedded WebApplicationContext
11:39:40.058 [restartedMain] INFO  c.a.d.p.DruidDataSource - [init,930] - {dataSource-1} inited
11:39:40.480 [restartedMain] INFO  o.a.e.i.ProcessEngineImpl - [<init>,85] - ProcessEngine default created
11:39:42.887 [restartedMain] INFO  o.a.c.h.Http11NioProtocol - [log,180] - Starting ProtocolHandler ["http-nio-8000"]
11:39:42.904 [restartedMain] INFO  o.a.t.u.n.NioSelectorPool - [log,180] - Using a shared selector for servlet write/read
11:39:42.930 [restartedMain] INFO  com.jd.Application - [logStarted,59] - Started Application in 10.042 seconds (JVM running for 10.949)
11:40:11.201 [http-nio-8000-exec-1] INFO  o.a.c.c.C.[.[.[/] - [log,180] - Initializing Spring FrameworkServlet 'dispatcherServlet'
11:40:11.269 [http-nio-8000-exec-1] INFO  o.a.s.s.m.AbstractValidatingSessionManager - [enableSessionValidation,233] - Enabling session validation scheduler...
14:10:49.977 [restartedMain] INFO  com.jd.Application - [logStarting,50] - Starting Application on LAPTOP-A7Q7JCJK with PID 11688 (D:\webspace\nari\target\classes started by 83875 in D:\webspace\nari)
14:10:50.114 [restartedMain] INFO  com.jd.Application - [logStartupProfileInfo,663] - The following profiles are active: druid
14:10:52.850 [restartedMain] INFO  o.a.s.c.e.EhCacheManager - [getCache,158] - Cache with name 'com.jd.framework.shiro.realm.UserRealm.authorizationCache' does not yet exist.  Creating now.
14:10:52.851 [restartedMain] INFO  o.a.s.c.e.EhCacheManager - [getCache,165] - Added EhCache named [com.jd.framework.shiro.realm.UserRealm.authorizationCache]
14:10:53.992 [restartedMain] INFO  o.a.s.c.e.EhCacheManager - [getCache,169] - Using existing EHCache named [loginRecordCache]
14:10:54.034 [restartedMain] INFO  o.a.s.c.e.EhCacheManager - [getCache,158] - Cache with name 'com.jd.framework.shiro.realm.AppRealm.authorizationCache.1' does not yet exist.  Creating now.
14:10:54.035 [restartedMain] INFO  o.a.s.c.e.EhCacheManager - [getCache,165] - Added EhCache named [com.jd.framework.shiro.realm.AppRealm.authorizationCache.1]
14:10:55.164 [restartedMain] INFO  o.a.c.h.Http11NioProtocol - [log,180] - Initializing ProtocolHandler ["http-nio-8000"]
14:10:55.187 [restartedMain] INFO  o.a.c.c.StandardService - [log,180] - Starting service [Tomcat]
14:10:55.197 [restartedMain] INFO  o.a.c.c.StandardEngine - [log,180] - Starting Servlet Engine: Apache Tomcat/8.5.31
14:10:55.209 [localhost-startStop-1] INFO  o.a.c.c.AprLifecycleListener - [log,180] - Loaded APR based Apache Tomcat Native library [1.2.18] using APR version [1.6.5].
14:10:55.209 [localhost-startStop-1] INFO  o.a.c.c.AprLifecycleListener - [log,180] - APR capabilities: IPv6 [true], sendfile [true], accept filters [false], random [true].
14:10:55.210 [localhost-startStop-1] INFO  o.a.c.c.AprLifecycleListener - [log,180] - APR/OpenSSL configuration: useAprConnector [false], useOpenSSL [true]
14:10:55.284 [localhost-startStop-1] INFO  o.a.c.c.AprLifecycleListener - [log,180] - OpenSSL successfully initialized [OpenSSL 1.1.1  11 Sep 2018]
14:10:55.491 [localhost-startStop-1] INFO  o.a.c.c.C.[.[.[/] - [log,180] - Initializing Spring embedded WebApplicationContext
14:10:57.338 [restartedMain] INFO  c.a.d.p.DruidDataSource - [init,930] - {dataSource-1} inited
14:10:58.325 [restartedMain] INFO  o.a.e.i.ProcessEngineImpl - [<init>,85] - ProcessEngine default created
14:11:02.096 [restartedMain] INFO  o.a.c.h.Http11NioProtocol - [log,180] - Starting ProtocolHandler ["http-nio-8000"]
14:11:02.129 [restartedMain] INFO  o.a.t.u.n.NioSelectorPool - [log,180] - Using a shared selector for servlet write/read
14:11:02.163 [restartedMain] INFO  com.jd.Application - [logStarted,59] - Started Application in 12.62 seconds (JVM running for 13.489)
14:11:52.218 [http-nio-8000-exec-1] INFO  o.a.c.c.C.[.[.[/] - [log,180] - Initializing Spring FrameworkServlet 'dispatcherServlet'
14:11:52.282 [http-nio-8000-exec-1] INFO  o.a.s.s.m.AbstractValidatingSessionManager - [enableSessionValidation,233] - Enabling session validation scheduler...
15:11:52.295 [SessionValidationThread-1] INFO  o.a.s.s.m.AbstractValidatingSessionManager - [validateSessions,275] - Validating all active sessions...
15:11:52.341 [SessionValidationThread-1] INFO  o.a.s.s.m.AbstractValidatingSessionManager - [validateSessions,308] - Finished session validation.  No sessions were stopped.
15:52:16.042 [restartedMain] INFO  com.jd.Application - [logStarting,50] - Starting Application on LAPTOP-A7Q7JCJK with PID 16040 (D:\webspace\nari\target\classes started by 83875 in D:\webspace\nari)
15:52:16.094 [restartedMain] INFO  com.jd.Application - [logStartupProfileInfo,663] - The following profiles are active: druid
15:52:18.751 [restartedMain] INFO  o.a.s.c.e.EhCacheManager - [getCache,158] - Cache with name 'com.jd.framework.shiro.realm.UserRealm.authorizationCache' does not yet exist.  Creating now.
15:52:18.752 [restartedMain] INFO  o.a.s.c.e.EhCacheManager - [getCache,165] - Added EhCache named [com.jd.framework.shiro.realm.UserRealm.authorizationCache]
15:52:19.961 [restartedMain] INFO  o.a.s.c.e.EhCacheManager - [getCache,169] - Using existing EHCache named [loginRecordCache]
15:52:20.002 [restartedMain] INFO  o.a.s.c.e.EhCacheManager - [getCache,158] - Cache with name 'com.jd.framework.shiro.realm.AppRealm.authorizationCache.1' does not yet exist.  Creating now.
15:52:20.003 [restartedMain] INFO  o.a.s.c.e.EhCacheManager - [getCache,165] - Added EhCache named [com.jd.framework.shiro.realm.AppRealm.authorizationCache.1]
15:52:20.663 [restartedMain] INFO  o.a.c.h.Http11NioProtocol - [log,180] - Initializing ProtocolHandler ["http-nio-8000"]
15:52:20.676 [restartedMain] INFO  o.a.c.c.StandardService - [log,180] - Starting service [Tomcat]
15:52:20.677 [restartedMain] INFO  o.a.c.c.StandardEngine - [log,180] - Starting Servlet Engine: Apache Tomcat/8.5.31
15:52:20.688 [localhost-startStop-1] INFO  o.a.c.c.AprLifecycleListener - [log,180] - Loaded APR based Apache Tomcat Native library [1.2.18] using APR version [1.6.5].
15:52:20.689 [localhost-startStop-1] INFO  o.a.c.c.AprLifecycleListener - [log,180] - APR capabilities: IPv6 [true], sendfile [true], accept filters [false], random [true].
15:52:20.689 [localhost-startStop-1] INFO  o.a.c.c.AprLifecycleListener - [log,180] - APR/OpenSSL configuration: useAprConnector [false], useOpenSSL [true]
15:52:20.756 [localhost-startStop-1] INFO  o.a.c.c.AprLifecycleListener - [log,180] - OpenSSL successfully initialized [OpenSSL 1.1.1  11 Sep 2018]
15:52:20.980 [localhost-startStop-1] INFO  o.a.c.c.C.[.[.[/] - [log,180] - Initializing Spring embedded WebApplicationContext
15:52:22.381 [restartedMain] INFO  c.a.d.p.DruidDataSource - [init,930] - {dataSource-1} inited
15:52:23.278 [restartedMain] INFO  o.a.e.i.ProcessEngineImpl - [<init>,85] - ProcessEngine default created
15:52:26.601 [restartedMain] INFO  o.a.c.h.Http11NioProtocol - [log,180] - Starting ProtocolHandler ["http-nio-8000"]
15:52:26.635 [restartedMain] INFO  o.a.t.u.n.NioSelectorPool - [log,180] - Using a shared selector for servlet write/read
15:52:26.664 [restartedMain] INFO  com.jd.Application - [logStarted,59] - Started Application in 11.064 seconds (JVM running for 11.924)
15:54:29.368 [http-nio-8000-exec-1] INFO  o.a.c.c.C.[.[.[/] - [log,180] - Initializing Spring FrameworkServlet 'dispatcherServlet'
15:54:29.436 [http-nio-8000-exec-1] INFO  o.a.s.s.m.AbstractValidatingSessionManager - [enableSessionValidation,233] - Enabling session validation scheduler...
15:55:03.098 [restartedMain] INFO  com.jd.Application - [logStarting,50] - Starting Application on LAPTOP-A7Q7JCJK with PID 6060 (D:\webspace\nari\target\classes started by 83875 in D:\webspace\nari)
15:55:03.103 [restartedMain] INFO  com.jd.Application - [logStartupProfileInfo,663] - The following profiles are active: druid
15:55:06.111 [restartedMain] INFO  o.a.s.c.e.EhCacheManager - [getCache,158] - Cache with name 'com.jd.framework.shiro.realm.UserRealm.authorizationCache' does not yet exist.  Creating now.
15:55:06.112 [restartedMain] INFO  o.a.s.c.e.EhCacheManager - [getCache,165] - Added EhCache named [com.jd.framework.shiro.realm.UserRealm.authorizationCache]
15:55:07.213 [restartedMain] INFO  o.a.s.c.e.EhCacheManager - [getCache,169] - Using existing EHCache named [loginRecordCache]
15:55:07.257 [restartedMain] INFO  o.a.s.c.e.EhCacheManager - [getCache,158] - Cache with name 'com.jd.framework.shiro.realm.AppRealm.authorizationCache.1' does not yet exist.  Creating now.
15:55:07.257 [restartedMain] INFO  o.a.s.c.e.EhCacheManager - [getCache,165] - Added EhCache named [com.jd.framework.shiro.realm.AppRealm.authorizationCache.1]
15:55:08.018 [restartedMain] INFO  o.a.c.h.Http11NioProtocol - [log,180] - Initializing ProtocolHandler ["http-nio-8000"]
15:55:08.035 [restartedMain] INFO  o.a.c.c.StandardService - [log,180] - Starting service [Tomcat]
15:55:08.035 [restartedMain] INFO  o.a.c.c.StandardEngine - [log,180] - Starting Servlet Engine: Apache Tomcat/8.5.31
15:55:08.048 [localhost-startStop-1] INFO  o.a.c.c.AprLifecycleListener - [log,180] - Loaded APR based Apache Tomcat Native library [1.2.18] using APR version [1.6.5].
15:55:08.049 [localhost-startStop-1] INFO  o.a.c.c.AprLifecycleListener - [log,180] - APR capabilities: IPv6 [true], sendfile [true], accept filters [false], random [true].
15:55:08.049 [localhost-startStop-1] INFO  o.a.c.c.AprLifecycleListener - [log,180] - APR/OpenSSL configuration: useAprConnector [false], useOpenSSL [true]
15:55:08.056 [localhost-startStop-1] INFO  o.a.c.c.AprLifecycleListener - [log,180] - OpenSSL successfully initialized [OpenSSL 1.1.1  11 Sep 2018]
15:55:08.255 [localhost-startStop-1] INFO  o.a.c.c.C.[.[.[/] - [log,180] - Initializing Spring embedded WebApplicationContext
15:55:09.554 [restartedMain] INFO  c.a.d.p.DruidDataSource - [init,930] - {dataSource-1} inited
15:55:09.970 [restartedMain] INFO  o.a.e.i.ProcessEngineImpl - [<init>,85] - ProcessEngine default created
15:55:12.163 [restartedMain] INFO  o.a.c.h.Http11NioProtocol - [log,180] - Starting ProtocolHandler ["http-nio-8000"]
15:55:12.181 [restartedMain] INFO  o.a.t.u.n.NioSelectorPool - [log,180] - Using a shared selector for servlet write/read
15:55:12.212 [restartedMain] INFO  com.jd.Application - [logStarted,59] - Started Application in 9.533 seconds (JVM running for 10.441)
15:58:52.824 [http-nio-8000-exec-2] INFO  o.a.c.c.C.[.[.[/] - [log,180] - Initializing Spring FrameworkServlet 'dispatcherServlet'
15:58:52.874 [http-nio-8000-exec-2] INFO  o.a.s.s.m.AbstractValidatingSessionManager - [enableSessionValidation,233] - Enabling session validation scheduler...
16:01:12.479 [restartedMain] INFO  com.jd.Application - [logStarting,50] - Starting Application on LAPTOP-A7Q7JCJK with PID 11380 (D:\webspace\nari\target\classes started by 83875 in D:\webspace\nari)
16:01:12.484 [restartedMain] INFO  com.jd.Application - [logStartupProfileInfo,663] - The following profiles are active: druid
16:01:15.816 [restartedMain] INFO  o.a.s.c.e.EhCacheManager - [getCache,158] - Cache with name 'com.jd.framework.shiro.realm.UserRealm.authorizationCache' does not yet exist.  Creating now.
16:01:15.817 [restartedMain] INFO  o.a.s.c.e.EhCacheManager - [getCache,165] - Added EhCache named [com.jd.framework.shiro.realm.UserRealm.authorizationCache]
16:01:17.068 [restartedMain] INFO  o.a.s.c.e.EhCacheManager - [getCache,169] - Using existing EHCache named [loginRecordCache]
16:01:17.133 [restartedMain] INFO  o.a.s.c.e.EhCacheManager - [getCache,158] - Cache with name 'com.jd.framework.shiro.realm.AppRealm.authorizationCache.1' does not yet exist.  Creating now.
16:01:17.133 [restartedMain] INFO  o.a.s.c.e.EhCacheManager - [getCache,165] - Added EhCache named [com.jd.framework.shiro.realm.AppRealm.authorizationCache.1]
16:01:17.973 [restartedMain] INFO  o.a.c.h.Http11NioProtocol - [log,180] - Initializing ProtocolHandler ["http-nio-8000"]
16:01:17.988 [restartedMain] INFO  o.a.c.c.StandardService - [log,180] - Starting service [Tomcat]
16:01:17.988 [restartedMain] INFO  o.a.c.c.StandardEngine - [log,180] - Starting Servlet Engine: Apache Tomcat/8.5.31
16:01:17.998 [localhost-startStop-1] INFO  o.a.c.c.AprLifecycleListener - [log,180] - Loaded APR based Apache Tomcat Native library [1.2.18] using APR version [1.6.5].
16:01:17.998 [localhost-startStop-1] INFO  o.a.c.c.AprLifecycleListener - [log,180] - APR capabilities: IPv6 [true], sendfile [true], accept filters [false], random [true].
16:01:17.998 [localhost-startStop-1] INFO  o.a.c.c.AprLifecycleListener - [log,180] - APR/OpenSSL configuration: useAprConnector [false], useOpenSSL [true]
16:01:18.019 [localhost-startStop-1] INFO  o.a.c.c.AprLifecycleListener - [log,180] - OpenSSL successfully initialized [OpenSSL 1.1.1  11 Sep 2018]
16:01:18.225 [localhost-startStop-1] INFO  o.a.c.c.C.[.[.[/] - [log,180] - Initializing Spring embedded WebApplicationContext
16:01:19.571 [restartedMain] INFO  c.a.d.p.DruidDataSource - [init,930] - {dataSource-1} inited
16:01:19.993 [restartedMain] INFO  o.a.e.i.ProcessEngineImpl - [<init>,85] - ProcessEngine default created
16:01:22.936 [restartedMain] INFO  o.a.c.h.Http11NioProtocol - [log,180] - Starting ProtocolHandler ["http-nio-8000"]
16:01:22.964 [restartedMain] INFO  o.a.t.u.n.NioSelectorPool - [log,180] - Using a shared selector for servlet write/read
16:01:22.993 [restartedMain] INFO  com.jd.Application - [logStarted,59] - Started Application in 11.007 seconds (JVM running for 11.945)
16:01:27.316 [http-nio-8000-exec-1] INFO  o.a.c.c.C.[.[.[/] - [log,180] - Initializing Spring FrameworkServlet 'dispatcherServlet'
16:01:27.384 [http-nio-8000-exec-1] INFO  o.a.s.s.m.AbstractValidatingSessionManager - [enableSessionValidation,233] - Enabling session validation scheduler...
16:18:12.480 [restartedMain] INFO  com.jd.Application - [logStarting,50] - Starting Application on LAPTOP-A7Q7JCJK with PID 10292 (D:\webspace\nari\target\classes started by 83875 in D:\webspace\nari)
16:18:12.596 [restartedMain] INFO  com.jd.Application - [logStartupProfileInfo,663] - The following profiles are active: druid
16:18:15.407 [restartedMain] INFO  o.a.s.c.e.EhCacheManager - [getCache,158] - Cache with name 'com.jd.framework.shiro.realm.UserRealm.authorizationCache' does not yet exist.  Creating now.
16:18:15.408 [restartedMain] INFO  o.a.s.c.e.EhCacheManager - [getCache,165] - Added EhCache named [com.jd.framework.shiro.realm.UserRealm.authorizationCache]
16:18:16.492 [restartedMain] INFO  o.a.s.c.e.EhCacheManager - [getCache,169] - Using existing EHCache named [loginRecordCache]
16:18:16.537 [restartedMain] INFO  o.a.s.c.e.EhCacheManager - [getCache,158] - Cache with name 'com.jd.framework.shiro.realm.AppRealm.authorizationCache.1' does not yet exist.  Creating now.
16:18:16.538 [restartedMain] INFO  o.a.s.c.e.EhCacheManager - [getCache,165] - Added EhCache named [com.jd.framework.shiro.realm.AppRealm.authorizationCache.1]
16:18:17.374 [restartedMain] INFO  o.a.c.h.Http11NioProtocol - [log,180] - Initializing ProtocolHandler ["http-nio-8000"]
16:18:17.393 [restartedMain] INFO  o.a.c.c.StandardService - [log,180] - Starting service [Tomcat]
16:18:17.393 [restartedMain] INFO  o.a.c.c.StandardEngine - [log,180] - Starting Servlet Engine: Apache Tomcat/8.5.31
16:18:17.405 [localhost-startStop-1] INFO  o.a.c.c.AprLifecycleListener - [log,180] - Loaded APR based Apache Tomcat Native library [1.2.18] using APR version [1.6.5].
16:18:17.406 [localhost-startStop-1] INFO  o.a.c.c.AprLifecycleListener - [log,180] - APR capabilities: IPv6 [true], sendfile [true], accept filters [false], random [true].
16:18:17.406 [localhost-startStop-1] INFO  o.a.c.c.AprLifecycleListener - [log,180] - APR/OpenSSL configuration: useAprConnector [false], useOpenSSL [true]
16:18:17.463 [localhost-startStop-1] INFO  o.a.c.c.AprLifecycleListener - [log,180] - OpenSSL successfully initialized [OpenSSL 1.1.1  11 Sep 2018]
16:18:17.653 [localhost-startStop-1] INFO  o.a.c.c.C.[.[.[/] - [log,180] - Initializing Spring embedded WebApplicationContext
16:18:19.053 [restartedMain] INFO  c.a.d.p.DruidDataSource - [init,930] - {dataSource-1} inited
16:18:19.651 [restartedMain] INFO  o.a.e.i.ProcessEngineImpl - [<init>,85] - ProcessEngine default created
16:18:22.668 [restartedMain] INFO  o.a.c.h.Http11NioProtocol - [log,180] - Starting ProtocolHandler ["http-nio-8000"]
16:18:22.699 [restartedMain] INFO  o.a.t.u.n.NioSelectorPool - [log,180] - Using a shared selector for servlet write/read
16:18:22.733 [restartedMain] INFO  com.jd.Application - [logStarted,59] - Started Application in 10.747 seconds (JVM running for 11.635)
16:19:06.145 [http-nio-8000-exec-1] INFO  o.a.c.c.C.[.[.[/] - [log,180] - Initializing Spring FrameworkServlet 'dispatcherServlet'
16:19:06.243 [http-nio-8000-exec-1] INFO  o.a.s.s.m.AbstractValidatingSessionManager - [enableSessionValidation,233] - Enabling session validation scheduler...
16:24:16.101 [restartedMain] INFO  com.jd.Application - [logStarting,50] - Starting Application on LAPTOP-A7Q7JCJK with PID 18936 (D:\webspace\nari\target\classes started by 83875 in D:\webspace\nari)
16:24:16.213 [restartedMain] INFO  com.jd.Application - [logStartupProfileInfo,663] - The following profiles are active: druid
16:24:19.230 [restartedMain] INFO  o.a.s.c.e.EhCacheManager - [getCache,158] - Cache with name 'com.jd.framework.shiro.realm.UserRealm.authorizationCache' does not yet exist.  Creating now.
16:24:19.231 [restartedMain] INFO  o.a.s.c.e.EhCacheManager - [getCache,165] - Added EhCache named [com.jd.framework.shiro.realm.UserRealm.authorizationCache]
16:24:20.390 [restartedMain] INFO  o.a.s.c.e.EhCacheManager - [getCache,169] - Using existing EHCache named [loginRecordCache]
16:24:20.429 [restartedMain] INFO  o.a.s.c.e.EhCacheManager - [getCache,158] - Cache with name 'com.jd.framework.shiro.realm.AppRealm.authorizationCache.1' does not yet exist.  Creating now.
16:24:20.430 [restartedMain] INFO  o.a.s.c.e.EhCacheManager - [getCache,165] - Added EhCache named [com.jd.framework.shiro.realm.AppRealm.authorizationCache.1]
16:24:21.200 [restartedMain] INFO  o.a.c.h.Http11NioProtocol - [log,180] - Initializing ProtocolHandler ["http-nio-8000"]
16:24:21.216 [restartedMain] INFO  o.a.c.c.StandardService - [log,180] - Starting service [Tomcat]
16:24:21.217 [restartedMain] INFO  o.a.c.c.StandardEngine - [log,180] - Starting Servlet Engine: Apache Tomcat/8.5.31
16:24:21.228 [localhost-startStop-1] INFO  o.a.c.c.AprLifecycleListener - [log,180] - Loaded APR based Apache Tomcat Native library [1.2.18] using APR version [1.6.5].
16:24:21.229 [localhost-startStop-1] INFO  o.a.c.c.AprLifecycleListener - [log,180] - APR capabilities: IPv6 [true], sendfile [true], accept filters [false], random [true].
16:24:21.229 [localhost-startStop-1] INFO  o.a.c.c.AprLifecycleListener - [log,180] - APR/OpenSSL configuration: useAprConnector [false], useOpenSSL [true]
16:24:21.241 [localhost-startStop-1] INFO  o.a.c.c.AprLifecycleListener - [log,180] - OpenSSL successfully initialized [OpenSSL 1.1.1  11 Sep 2018]
16:24:21.442 [localhost-startStop-1] INFO  o.a.c.c.C.[.[.[/] - [log,180] - Initializing Spring embedded WebApplicationContext
16:24:22.817 [restartedMain] INFO  c.a.d.p.DruidDataSource - [init,930] - {dataSource-1} inited
16:24:23.493 [restartedMain] INFO  o.a.e.i.ProcessEngineImpl - [<init>,85] - ProcessEngine default created
16:24:26.718 [restartedMain] INFO  o.a.c.h.Http11NioProtocol - [log,180] - Starting ProtocolHandler ["http-nio-8000"]
16:24:26.744 [restartedMain] INFO  o.a.t.u.n.NioSelectorPool - [log,180] - Using a shared selector for servlet write/read
16:24:26.777 [restartedMain] INFO  com.jd.Application - [logStarted,59] - Started Application in 11.175 seconds (JVM running for 12.086)
16:24:39.844 [http-nio-8000-exec-1] INFO  o.a.c.c.C.[.[.[/] - [log,180] - Initializing Spring FrameworkServlet 'dispatcherServlet'
16:24:39.908 [http-nio-8000-exec-1] INFO  o.a.s.s.m.AbstractValidatingSessionManager - [enableSessionValidation,233] - Enabling session validation scheduler...
17:24:39.973 [SessionValidationThread-1] INFO  o.a.s.s.m.AbstractValidatingSessionManager - [validateSessions,275] - Validating all active sessions...
17:24:40.219 [SessionValidationThread-1] INFO  o.a.s.s.m.AbstractValidatingSessionManager - [validateSessions,308] - Finished session validation.  No sessions were stopped.
